#
# A fatal error has been detected by the Java Runtime Environment:
#
#  EXCEPTION_ACCESS_VIOLATION (0xc0000005) at pc=0x0000000063c98ee6, pid=9484, tid=0x0000000000000bb4
#
# JRE version: Java(TM) SE Runtime Environment (8.0_271-b09) (build 1.8.0_271-b09)
# Java VM: Java HotSpot(TM) 64-Bit Server VM (25.271-b09 mixed mode windows-amd64 compressed oops)
# Problematic frame:
# V  [jvm.dll+0x148ee6]
#
# Failed to write core dump. Minidumps are not enabled by default on client versions of Windows
#
# If you would like to submit a bug report, please visit:
#   http://bugreport.java.com/bugreport/crash.jsp
#

---------------  T H R E A D  ---------------

Current thread (0x00000127fb302800):  VMThread [stack: 0x0000000522d00000,0x0000000522e00000] [id=2996]

siginfo: ExceptionCode=0xc0000005, reading address 0x00000106fa2913e0

Registers:
RAX=0x0000000000000001, RBX=0x00000127fa290fe8, RCX=0x00000106fa2912e8, RDX=0x000000010008b240
RSP=0x0000000522dff3e0, RBP=0x0000000000000000, RSI=0x0000000000000001, RDI=0x00000127fa290c60
R8 =0x0000000000000001, R9 =0x00000127f9e40058, R10=0x0000000000000000, R11=0x0000000522dff4e0
R12=0x0000000000000001, R13=0x0000000000000001, R14=0x0000000000000001, R15=0x00000127fa290c70
RIP=0x0000000063c98ee6, EFLAGS=0x0000000000010202

Top of Stack: (sp=0x0000000522dff3e0)
0x0000000522dff3e0:   0000000000000000 00000000000000d7
0x0000000522dff3f0:   00000000000000d7 00000000000000d7
0x0000000522dff400:   0000000000000001 0000000063c7b178
0x0000000522dff410:   0000000000000001 00000127fa2e3c08
0x0000000522dff420:   00000127fcd54cc0 00000127f9e40088
0x0000000522dff430:   0000012700000000 00000127000000b1
0x0000000522dff440:   0000000100087250 00000127fb3ad0b0
0x0000000522dff450:   0000000000000000 0000000063b6562d
0x0000000522dff460:   00000000000000d7 00000127fa290c60
0x0000000522dff470:   00000000000000d6 00000127fb302800
0x0000000522dff480:   00000127fcbad1c0 000000010008b240
0x0000000522dff490:   0000000100087060 0000000000000001
0x0000000522dff4a0:   0000000000000000 0000000000000000
0x0000000522dff4b0:   000000010008b240 0000000063c6d523
0x0000000522dff4c0:   0000000100087060 0000012700000001
0x0000000522dff4d0:   0000000000000001 0000012700000001 

Instructions: (pc=0x0000000063c98ee6)
0x0000000063c98ec6:   5c 24 40 48 8b 74 24 48 48 83 c4 20 41 5e c3 cc
0x0000000063c98ed6:   cc cc cc cc cc cc cc cc cc cc 40 56 48 83 ec 20
0x0000000063c98ee6:   83 b9 f8 00 00 00 00 48 8b f1 7e 6c 48 81 c1 00
0x0000000063c98ef6:   01 00 00 48 89 5c 24 38 e8 2d 0d 00 00 48 8b d8 


Register to memory mapping:

RAX=0x0000000000000001 is an unknown value
RBX={method} {0x00000127fa290ff0} 'main' '([Ljava/lang/String;)V' in 'ArrayExample'
RCX=0x00000106fa2912e8 is an unknown value
RDX=0x000000010008b240 is pointing into metadata
RSP=0x0000000522dff3e0 is an unknown value
RBP=0x0000000000000000 is an unknown value
RSI=0x0000000000000001 is an unknown value
RDI=0x00000127fa290c60 is pointing into metadata
R8 =0x0000000000000001 is an unknown value
R9 =0x00000127f9e40058 is pointing into metadata
R10=0x0000000000000000 is an unknown value
R11=0x0000000522dff4e0 is an unknown value
R12=0x0000000000000001 is an unknown value
R13=0x0000000000000001 is an unknown value
R14=0x0000000000000001 is an unknown value
R15=0x00000127fa290c70 is pointing into metadata


Stack: [0x0000000522d00000,0x0000000522e00000],  sp=0x0000000522dff3e0,  free space=1020k
Native frames: (J=compiled Java code, j=interpreted, Vv=VM code, C=native code)

VM_Operation (0x00000005232ff220): RedefineClasses, mode: safepoint, requested by thread 0x00000127fb3d7000, redefining class ArrayExample



---------------  P R O C E S S  ---------------

Java Threads: ( => current thread )
  0x00000127fc9f5000 JavaThread "Service Thread" daemon [_thread_blocked, id=9912, stack(0x0000000523900000,0x0000000523a00000)]
  0x00000127fc9fb800 JavaThread "C1 CompilerThread3" daemon [_thread_blocked, id=4760, stack(0x0000000523800000,0x0000000523900000)]
  0x00000127fc9fb000 JavaThread "C2 CompilerThread2" daemon [_thread_blocked, id=4744, stack(0x0000000523700000,0x0000000523800000)]
  0x00000127fc9fa000 JavaThread "C2 CompilerThread1" daemon [_thread_blocked, id=3300, stack(0x0000000523600000,0x0000000523700000)]
  0x00000127fc9f7800 JavaThread "C2 CompilerThread0" daemon [_thread_blocked, id=8328, stack(0x0000000523500000,0x0000000523600000)]
  0x00000127fb3dc000 JavaThread "JDWP Command Reader" daemon [_thread_in_native, id=7180, stack(0x0000000523400000,0x0000000523500000)]
  0x00000127fb3d8800 JavaThread "JDWP Event Helper Thread" daemon [_thread_blocked, id=6844, stack(0x0000000523300000,0x0000000523400000)]
  0x00000127fb3d7000 JavaThread "JDWP Transport Listener: dt_socket" daemon [_thread_blocked, id=4772, stack(0x0000000523200000,0x0000000523300000)]
  0x00000127fb3af000 JavaThread "Attach Listener" daemon [_thread_blocked, id=11180, stack(0x0000000523100000,0x0000000523200000)]
  0x00000127fb3ae800 JavaThread "Signal Dispatcher" daemon [_thread_blocked, id=6788, stack(0x0000000523000000,0x0000000523100000)]
  0x00000127fb330000 JavaThread "Finalizer" daemon [_thread_blocked, id=4004, stack(0x0000000522f00000,0x0000000523000000)]
  0x00000127fa73a000 JavaThread "Reference Handler" daemon [_thread_blocked, id=10908, stack(0x0000000522e00000,0x0000000522f00000)]
  0x00000127f3565000 JavaThread "main" [_thread_blocked, id=10396, stack(0x0000000522400000,0x0000000522500000)]

Other Threads:
=>0x00000127fb302800 VMThread [stack: 0x0000000522d00000,0x0000000522e00000] [id=2996]
  0x00000127fcb28000 WatcherThread [stack: 0x0000000523a00000,0x0000000523b00000] [id=10164]

VM state:at safepoint (normal execution)

VM Mutex/Monitor currently owned by a thread:  ([mutex/lock_event])
[0x00000127f3563350] Threads_lock - owner thread: 0x00000127fb302800

heap address: 0x0000000080c00000, size: 2036 MB, Compressed Oops mode: 32-bit
Narrow klass base: 0x0000000000000000, Narrow klass shift: 3
Compressed class space size: 1073741824 Address: 0x0000000100000000

Heap:
 PSYoungGen      total 38400K, used 7404K [0x00000000d5980000, 0x00000000d8400000, 0x0000000100000000)
  eden space 33280K, 22% used [0x00000000d5980000,0x00000000d60bb1e8,0x00000000d7a00000)
  from space 5120K, 0% used [0x00000000d7f00000,0x00000000d7f00000,0x00000000d8400000)
  to   space 5120K, 0% used [0x00000000d7a00000,0x00000000d7a00000,0x00000000d7f00000)
 ParOldGen       total 87552K, used 0K [0x0000000080c00000, 0x0000000086180000, 0x00000000d5980000)
  object space 87552K, 0% used [0x0000000080c00000,0x0000000080c00000,0x0000000086180000)
 Metaspace       used 5265K, capacity 5330K, committed 5504K, reserved 1056768K
  class space    used 549K, capacity 561K, committed 640K, reserved 1048576K

Card table byte_map: [0x00000127f53f0000,0x00000127f57f0000] byte_map_base: 0x00000127f4fea000

Marking Bits: (ParMarkBitMap*) 0x0000000064347fe0
 Begin Bits: [0x00000127f5aa0000, 0x00000127f7a70000)
 End Bits:   [0x00000127f7a70000, 0x00000127f9a40000)

Polling page: 0x00000127f3730000

CodeCache: size=245760Kb used=1577Kb max_used=1587Kb free=244182Kb
 bounds [0x0000012780000000, 0x0000012780270000, 0x000001278f000000]
 total_blobs=479 nmethods=189 adapters=211
 compilation: enabled

Compilation events (10 events):
Event: 4034.397 Thread 0x00000127fc9fb800  187       3       org.eclipse.jdt.launching.internal.org.objectweb.asm.ByteVector::putByteArray (49 bytes)
Event: 4034.397 Thread 0x00000127fc9fb800 nmethod 187 0x000001278018a850 code [0x000001278018a9c0, 0x000001278018ace0]
Event: 4042.323 Thread 0x00000127fc9fb800  188       3       org.eclipse.jdt.launching.internal.org.objectweb.asm.ClassReader::readConst (276 bytes)
Event: 4042.327 Thread 0x00000127fc9fb800 nmethod 188 0x000001278018e910 code [0x000001278018ed40, 0x0000012780190ef0]
Event: 4042.327 Thread 0x00000127fc9fb800  189       3       org.eclipse.jdt.launching.internal.org.objectweb.asm.MethodWriter::visitLdcInsn (215 bytes)
Event: 4042.328 Thread 0x00000127fc9fb800 nmethod 189 0x0000012780183ed0 code [0x00000127801840e0, 0x0000012780184bc0]
Event: 8973.841 Thread 0x00000127fc9fb800  190       3       org.eclipse.jdt.launching.internal.org.objectweb.asm.MethodWriter::visitTypeInsn (116 bytes)
Event: 8973.842 Thread 0x00000127fc9fb800 nmethod 190 0x0000012780189190 code [0x0000012780189340, 0x0000012780189910]
Event: 8973.842 Thread 0x00000127fc9fb800  191       1       org.eclipse.jdt.launching.internal.org.objectweb.asm.SymbolTable::getMajorVersion (5 bytes)
Event: 8973.842 Thread 0x00000127fc9fb800 nmethod 191 0x0000012780178f90 code [0x00000127801790e0, 0x00000127801791f8]

GC Heap History (0 events):
No events

Deoptimization events (0 events):
No events

Classes redefined (10 events):
Event: 3652.429 Thread 0x00000127fb302800 redefined class name=ArrayExample, count=24
Event: 3828.182 Thread 0x00000127fb302800 redefined class name=ArrayExample, count=25
Event: 3866.055 Thread 0x00000127fb302800 redefined class name=ArrayExample, count=26
Event: 3878.314 Thread 0x00000127fb302800 redefined class name=ArrayExample, count=27
Event: 4019.925 Thread 0x00000127fb302800 redefined class name=ArrayExample, count=28
Event: 4034.398 Thread 0x00000127fb302800 redefined class name=ArrayExample, count=29
Event: 4042.325 Thread 0x00000127fb302800 redefined class name=ArrayExample, count=30
Event: 8679.477 Thread 0x00000127fb302800 redefined class name=ArrayExample, count=31
Event: 8770.920 Thread 0x00000127fb302800 redefined class name=ArrayExample, count=32
Event: 8973.843 Thread 0x00000127fb302800 redefined class name=ArrayExample, count=33

Internal exceptions (2 events):
Event: 0.034 Thread 0x00000127f3565000 Exception <a 'java/lang/NoSuchMethodError': Method sun.misc.Unsafe.defineClass(Ljava/lang/String;[BII)Ljava/lang/Class; name or signature does not match> (0x00000000d5987cc0) thrown at [C:\jenkins\workspace\8-2-build-windows-amd64-cygwin\jdk8u271\605\hots
Event: 0.034 Thread 0x00000127f3565000 Exception <a 'java/lang/NoSuchMethodError': Method sun.misc.Unsafe.prefetchRead(Ljava/lang/Object;J)V name or signature does not match> (0x00000000d5987fa8) thrown at [C:\jenkins\workspace\8-2-build-windows-amd64-cygwin\jdk8u271\605\hotspot\src\share\vm\p

Events (10 events):
Event: 8774.513 Executing VM operation: GetCurrentContendedMonitor done
Event: 8973.842 Executing VM operation: RedefineClasses
Event: 8973.843 Executing VM operation: RedefineClasses done
Event: 8973.846 Executing VM operation: ChangeBreakpoints
Event: 8973.847 Executing VM operation: ChangeBreakpoints done
Event: 8974.360 Executing VM operation: GetOwnedMonitorInfo
Event: 8974.360 Executing VM operation: GetOwnedMonitorInfo done
Event: 8974.360 Executing VM operation: GetCurrentContendedMonitor
Event: 8974.360 Executing VM operation: GetCurrentContendedMonitor done
Event: 9031.993 Executing VM operation: RedefineClasses


Dynamic libraries:
0x00007ff699dd0000 - 0x00007ff699e17000 	C:\Program Files\Java\jre1.8.0_271\bin\javaw.exe
0x00007ffc60b90000 - 0x00007ffc60d85000 	C:\WINDOWS\SYSTEM32\ntdll.dll
0x00007ffc604c0000 - 0x00007ffc6057d000 	C:\WINDOWS\System32\KERNEL32.DLL
0x00007ffc5e920000 - 0x00007ffc5ebe8000 	C:\WINDOWS\System32\KERNELBASE.dll
0x00007ffc5f790000 - 0x00007ffc5f83c000 	C:\WINDOWS\System32\ADVAPI32.dll
0x00007ffc60690000 - 0x00007ffc6072e000 	C:\WINDOWS\System32\msvcrt.dll
0x00007ffc605f0000 - 0x00007ffc6068b000 	C:\WINDOWS\System32\sechost.dll
0x00007ffc5f560000 - 0x00007ffc5f68b000 	C:\WINDOWS\System32\RPCRT4.dll
0x00007ffc5f060000 - 0x00007ffc5f200000 	C:\WINDOWS\System32\USER32.dll
0x00007ffc5e530000 - 0x00007ffc5e552000 	C:\WINDOWS\System32\win32u.dll
0x00007ffc5f760000 - 0x00007ffc5f78a000 	C:\WINDOWS\System32\GDI32.dll
0x00007ffc5e790000 - 0x00007ffc5e89b000 	C:\WINDOWS\System32\gdi32full.dll
0x00007ffc5e5b0000 - 0x00007ffc5e64d000 	C:\WINDOWS\System32\msvcp_win.dll
0x00007ffc5e430000 - 0x00007ffc5e530000 	C:\WINDOWS\System32\ucrtbase.dll
0x00007ffc54f60000 - 0x00007ffc551fa000 	C:\WINDOWS\WinSxS\amd64_microsoft.windows.common-controls_6595b64144ccf1df_6.0.19041.844_none_ca00b6081b84eb1d\COMCTL32.dll
0x00007ffc60a50000 - 0x00007ffc60a80000 	C:\WINDOWS\System32\IMM32.DLL
0x00007ffc52240000 - 0x00007ffc52255000 	C:\Program Files\Java\jre1.8.0_271\bin\vcruntime140.dll
0x00007ffc59ef0000 - 0x00007ffc59f8b000 	C:\Program Files\Java\jre1.8.0_271\bin\msvcp140.dll
0x0000000063b50000 - 0x00000000643bf000 	C:\Program Files\Java\jre1.8.0_271\bin\server\jvm.dll
0x00007ffc60a40000 - 0x00007ffc60a48000 	C:\WINDOWS\System32\PSAPI.DLL
0x00007ffc4b150000 - 0x00007ffc4b159000 	C:\WINDOWS\SYSTEM32\WSOCK32.dll
0x00007ffc55540000 - 0x00007ffc55567000 	C:\WINDOWS\SYSTEM32\WINMM.dll
0x00007ffc58720000 - 0x00007ffc5872a000 	C:\WINDOWS\SYSTEM32\VERSION.dll
0x00007ffc60580000 - 0x00007ffc605eb000 	C:\WINDOWS\System32\WS2_32.dll
0x00007ffc5c240000 - 0x00007ffc5c252000 	C:\WINDOWS\SYSTEM32\kernel.appcore.dll
0x00007ffc59440000 - 0x00007ffc59450000 	C:\Program Files\Java\jre1.8.0_271\bin\verify.dll
0x00007ffc441d0000 - 0x00007ffc441fb000 	C:\Program Files\Java\jre1.8.0_271\bin\java.dll
0x00007ffc53110000 - 0x00007ffc53146000 	C:\Program Files\Java\jre1.8.0_271\bin\jdwp.dll
0x00007ffc5bb70000 - 0x00007ffc5bb79000 	C:\Program Files\Java\jre1.8.0_271\bin\npt.dll
0x00007ffc530e0000 - 0x00007ffc53110000 	C:\Program Files\Java\jre1.8.0_271\bin\instrument.dll
0x00007ffc4b9a0000 - 0x00007ffc4b9b8000 	C:\Program Files\Java\jre1.8.0_271\bin\zip.dll
0x00007ffc5fd70000 - 0x00007ffc604b2000 	C:\WINDOWS\System32\SHELL32.dll
0x00007ffc5c440000 - 0x00007ffc5cbd0000 	C:\WINDOWS\SYSTEM32\windows.storage.dll
0x00007ffc5f200000 - 0x00007ffc5f555000 	C:\WINDOWS\System32\combase.dll
0x00007ffc5dd40000 - 0x00007ffc5dd6c000 	C:\WINDOWS\SYSTEM32\Wldp.dll
0x00007ffc60a80000 - 0x00007ffc60b2e000 	C:\WINDOWS\System32\SHCORE.dll
0x00007ffc5fbe0000 - 0x00007ffc5fc35000 	C:\WINDOWS\System32\shlwapi.dll
0x00007ffc5e210000 - 0x00007ffc5e22f000 	C:\WINDOWS\SYSTEM32\profapi.dll
0x00007ffc5bb50000 - 0x00007ffc5bb5a000 	C:\Program Files\Java\jre1.8.0_271\bin\dt_socket.dll
0x00007ffc4af80000 - 0x00007ffc4af97000 	C:\WINDOWS\system32\napinsp.dll
0x00007ffc4ae80000 - 0x00007ffc4ae9b000 	C:\WINDOWS\system32\pnrpnsp.dll
0x00007ffc59ed0000 - 0x00007ffc59eed000 	C:\WINDOWS\system32\NLAapi.dll
0x00007ffc5d750000 - 0x00007ffc5d78b000 	C:\WINDOWS\SYSTEM32\IPHLPAPI.DLL
0x00007ffc5dab0000 - 0x00007ffc5db1a000 	C:\WINDOWS\System32\mswsock.dll
0x00007ffc5d7a0000 - 0x00007ffc5d86c000 	C:\WINDOWS\SYSTEM32\DNSAPI.dll
0x00007ffc60940000 - 0x00007ffc60948000 	C:\WINDOWS\System32\NSI.dll
0x00007ffc4af00000 - 0x00007ffc4af15000 	C:\WINDOWS\system32\wshbth.dll
0x00007ffc4aee0000 - 0x00007ffc4aef2000 	C:\WINDOWS\System32\winrnr.dll
0x00007ffc54820000 - 0x00007ffc5489f000 	C:\WINDOWS\System32\fwpuclnt.dll
0x00007ffc5e6b0000 - 0x00007ffc5e6d7000 	C:\WINDOWS\System32\bcrypt.dll
0x00007ffc535d0000 - 0x00007ffc535da000 	C:\Windows\System32\rasadhlp.dll
0x00007ffc4b250000 - 0x00007ffc4b434000 	C:\WINDOWS\SYSTEM32\dbghelp.dll
0x00007ffc5e8a0000 - 0x00007ffc5e920000 	C:\WINDOWS\System32\bcryptPrimitives.dll

VM Arguments:
jvm_args: -agentlib:jdwp=transport=dt_socket,suspend=y,address=localhost:60420 -javaagent:C:\Users\yn-05\Documents\정보처리산업기사\영어-eclipse\eclipse-jee-2019-12-R-win32-x86_64\eclipse\configuration\org.eclipse.osgi\411\0\.cp\lib\javaagent-shaded.jar -Dfile.encoding=UTF-8 -Xbootclasspath:C:\Program Files\Java\jre1.8.0_271\lib\resources.jar;C:\Program Files\Java\jre1.8.0_271\lib\rt.jar;C:\Program Files\Java\jre1.8.0_271\lib\jsse.jar;C:\Program Files\Java\jre1.8.0_271\lib\jce.jar;C:\Program Files\Java\jre1.8.0_271\lib\charsets.jar;C:\Program Files\Java\jre1.8.0_271\lib\jfr.jar 
java_command: ArrayExample
java_class_path (initial): C:\Users\yn-05\Documents\정보처리산업기사\javawork\7장-배열\bin;C:\Users\yn-05\Documents\정보처리산업기사\영어-eclipse\eclipse-jee-2019-12-R-win32-x86_64\eclipse\configuration\org.eclipse.osgi\411\0\.cp\lib\javaagent-shaded.jar
Launcher Type: SUN_STANDARD

Environment Variables:
PATH=C:/Program Files/Java/jre1.8.0_271/bin/server;C:/Program Files/Java/jre1.8.0_271/bin;C:/Program Files/Java/jre1.8.0_271/lib/amd64;C:\Program Files (x86)\Common Files\Oracle\Java\javapath;C:\oraclexe\app\oracle\product\11.2.0\server\bin;;C:\WINDOWS\system32;C:\WINDOWS;C:\WINDOWS\System32\Wbem;C:\WINDOWS\System32\WindowsPowerShell\v1.0\;C:\WINDOWS\System32\OpenSSH\;C:\Users\yn-05\AppData\Local\Microsoft\WindowsApps;C:\Program Files\Bandizip\;C:\Users\yn-05\Documents\정보처리산업기사\영어-eclipse\eclipse-jee-2019-12-R-win32-x86_64\eclipse;
USERNAME=yn-05
OS=Windows_NT
PROCESSOR_IDENTIFIER=Intel64 Family 6 Model 58 Stepping 9, GenuineIntel



---------------  S Y S T E M  ---------------

OS: Windows 10.0 , 64 bit Build 19041 (10.0.19041.928)

CPU:total 8 (initial active 8) (4 cores per cpu, 2 threads per core) family 6 model 58 stepping 9, cmov, cx8, fxsr, mmx, sse, sse2, sse3, ssse3, sse4.1, sse4.2, popcnt, avx, aes, clmul, erms, ht, tsc, tscinvbit, tscinv

Memory: 4k page, physical 8334352k(4095248k free), swap 17880232k(2729532k free)

vm_info: Java HotSpot(TM) 64-Bit Server VM (25.271-b09) for windows-amd64 JRE (1.8.0_271-b09), built on Sep 16 2020 19:14:59 by "" with MS VC++ 15.9 (VS2017)

time: Tue May 25 14:16:24 2021
timezone: 대한민국 표준시
elapsed time: 9032.009204 seconds (0d 2h 30m 32s)

